<?xml version='1.0' encoding='UTF-8'?>
<hotspot_log version='160 1' process='63039' time_ms='1682499064729'>
<vm_version>
<name>
OpenJDK 64-Bit Server VM
</name>
<release>
17.0.5+8-LTS
</release>
<info>
OpenJDK 64-Bit Server VM (17.0.5+8-LTS) for bsd-aarch64 JRE (17.0.5+8-LTS) (Zulu17.38+21-CA), built on Oct  7 2022 05:50:30 by &quot;zulu_re&quot; with clang Apple LLVM 12.0.0 (clang-1200.0.32.28)
</info>
</vm_version>
<vm_arguments>
<args>
-XX:+UnlockDiagnosticVMOptions -XX:+LogCompilation </args>
<command>
Application 10
</command>
<launcher>
SUN_STANDARD
</launcher>
<properties>
java.vm.specification.name=Java Virtual Machine Specification
java.vm.version=17.0.5+8-LTS
java.vm.name=OpenJDK 64-Bit Server VM
jdk.debug=release
sun.boot.library.path=/Library/Java/JavaVirtualMachines/zulu-17.jdk/Contents/Home/lib
java.library.path=/Users/woody/Library/Java/Extensions:/Library/Java/Extensions:/Network/Library/Java/Extensions:/System/Library/Java/Extensions:/usr/lib/java:.
java.home=/Library/Java/JavaVirtualMachines/zulu-17.jdk/Contents/Home
java.class.path=.
jdk.boot.class.path.append=
java.vm.info=mixed mode, sharing
java.vm.specification.vendor=Oracle Corporation
java.vm.specification.version=17
java.vm.vendor=Azul Systems, Inc.
sun.java.command=Application 10
sun.java.launcher=SUN_STANDARD
</properties>
</vm_arguments>
<tty>
<writer thread='5891'/>
<blob name='MethodHandlesAdapterBlob' size='32000'>
<sect index='1' size='32000' free='31480'/>
</blob>
<writer thread='30467'/>
<thread_logfile thread='30467' filename='/var/folders/b9/cqpvwpc94kbd3z7jpsfw323r0000gn/T//hs_c30467_pid63039.log'/>
<writer thread='30211'/>
<thread_logfile thread='30211' filename='/var/folders/b9/cqpvwpc94kbd3z7jpsfw323r0000gn/T//hs_c30211_pid63039.log'/>
<writer thread='5891'/>
<task_queued compile_id='1' method='java.lang.String hashCode ()I' bytes='60' count='256' iicount='256' level='3' stamp='0.018' comment='tiered' hot_count='256'/>
<task_queued compile_id='2' method='java.lang.Object &lt;init&gt; ()V' bytes='1' count='384' iicount='384' level='3' stamp='0.018' comment='tiered' hot_count='384'/>
<writer thread='30211'/>
<nmethod compile_id='1' compiler='c1' level='3' entry='0x00000001110d0200' size='1664' address='0x00000001110d0010' relocation_offset='344' insts_offset='496' stub_offset='1328' scopes_data_offset='1512' scopes_pcs_offset='1560' dependencies_offset='1656' metadata_offset='1464' method='java.lang.String hashCode ()I' bytes='60' count='314' iicount='314' stamp='0.018'/>
<writer thread='5891'/>
<task_queued compile_id='3' method='java.lang.String coder ()B' bytes='15' count='256' iicount='256' level='3' stamp='0.019' comment='tiered' hot_count='256'/>
<writer thread='30211'/>
<nmethod compile_id='2' compiler='c1' level='3' entry='0x00000001110d08c0' size='824' address='0x00000001110d0710' relocation_offset='344' insts_offset='432' stub_offset='688' scopes_data_offset='752' scopes_pcs_offset='768' dependencies_offset='816' metadata_offset='728' method='java.lang.Object &lt;init&gt; ()V' bytes='1' count='437' iicount='437' stamp='0.019'/>
<nmethod compile_id='3' compiler='c1' level='3' entry='0x00000001110d0c40' size='880' address='0x00000001110d0a90' relocation_offset='344' insts_offset='432' stub_offset='752' scopes_data_offset='808' scopes_pcs_offset='824' dependencies_offset='872' metadata_offset='792' method='java.lang.String coder ()B' bytes='15' count='379' iicount='379' stamp='0.019'/>
<writer thread='5891'/>
<task_queued compile_id='4' method='java.lang.String length ()I' bytes='11' count='256' iicount='256' level='3' stamp='0.019' comment='tiered' hot_count='256'/>
<writer thread='30211'/>
<nmethod compile_id='4' compiler='c1' level='3' entry='0x00000001110d0fc0' size='1096' address='0x00000001110d0e10' relocation_offset='344' insts_offset='432' stub_offset='880' scopes_data_offset='952' scopes_pcs_offset='992' dependencies_offset='1072' nul_chk_table_offset='1080' metadata_offset='920' method='java.lang.String length ()I' bytes='11' count='258' iicount='258' stamp='0.019'/>
<writer thread='19203'/>
<destroy_vm stamp='0.019'/>
<tty_done stamp='0.021'/>
</tty>
<compilation_log thread='30211'>
<start_compile_thread name='C1 CompilerThread0' thread='30211' process='63039' stamp='0.017'/>
<task compile_id='1' method='java.lang.String hashCode ()I' bytes='60' count='267' iicount='269' level='3' stamp='0.018'>
<phase name='setup' stamp='0.018'>
<phase_done stamp='0.018'/>
</phase>
<phase name='buildIR' stamp='0.018'>
<type id='1116' name='int'/>
<klass id='1124' name='java.lang.String' flags='17'/>
<method id='1253' holder='1124' name='hashCode' return='1116' flags='1' bytes='60' iicount='277'/>
<parse method='1253'  stamp='0.018'>
<phase name='parse_hir' stamp='0.018'>
<bc code='182' bci='17'/>
<type id='1110' name='boolean'/>
<method id='1255' holder='1124' name='isLatin1' return='1110' flags='0' bytes='19' iicount='138'/>
<call method='1255' instr='invokevirtual'/>
<inline_success reason='inline'/>
<parse method='1255'>
<parse_done stamp='0.018'/>
</parse>
<bc code='184' bci='27'/>
<klass id='1245' name='[B' flags='1041'/>
<klass id='1258' name='java.lang.StringLatin1' flags='16'/>
<method id='1259' holder='1258' name='hashCode' return='1116' arguments='1245' flags='9' bytes='42' iicount='27'/>
<call method='1259' instr='invokestatic'/>
<inline_fail reason='callee is too large'/>
<bc code='184' bci='37'/>
<klass id='1261' name='java.lang.StringUTF16' unloaded='1'/>
<method id='1262' holder='1261' name='hashCode' return='1116' arguments='1245' unloaded='1'/>
<call method='1262' instr='invokestatic'/>
<inline_fail reason='not inlineable'/>
<phase_done stamp='0.018'/>
</phase>
<parse_done stamp='0.018'/>
</parse>
<phase name='optimize_blocks' stamp='0.018'>
<phase_done stamp='0.018'/>
</phase>
<phase name='gvn' stamp='0.018'>
<phase_done stamp='0.018'/>
</phase>
<phase name='rangeCheckElimination' stamp='0.018'>
<phase_done stamp='0.018'/>
</phase>
<phase name='optimize_null_checks' stamp='0.018'>
<phase_done stamp='0.018'/>
</phase>
<phase_done stamp='0.018'/>
</phase>
<phase name='emit_lir' stamp='0.018'>
<phase name='lirGeneration' stamp='0.018'>
<phase_done stamp='0.018'/>
</phase>
<phase name='linearScan' stamp='0.018'>
<phase_done stamp='0.018'/>
</phase>
<phase_done stamp='0.018'/>
</phase>
<phase name='codeemit' stamp='0.018'>
<phase_done stamp='0.018'/>
</phase>
<phase name='codeinstall' stamp='0.018'>
<phase_done stamp='0.018'/>
</phase>
<code_cache total_blobs='277' nmethods='1' adapters='194' free_code_cache='250620800'/>
<task_done success='1' nmsize='968' count='314' inlined_bytes='19' stamp='0.019'/>
</task>
<task compile_id='2' method='java.lang.Object &lt;init&gt; ()V' bytes='1' count='430' iicount='430' level='3' stamp='0.019'>
<phase name='setup' stamp='0.019'>
<phase_done stamp='0.019'/>
</phase>
<phase name='buildIR' stamp='0.019'>
<type id='1118' name='void'/>
<klass id='1123' name='java.lang.Object' flags='1'/>
<method id='1253' holder='1123' name='&lt;init&gt;' return='1118' flags='1' bytes='1' iicount='431'/>
<parse method='1253'  stamp='0.019'>
<phase name='parse_hir' stamp='0.019'>
<bc code='177' bci='0'/>
<dependency type='no_finalizable_subclasses' ctxk='1123'/>
<phase_done stamp='0.019'/>
</phase>
<parse_done stamp='0.019'/>
</parse>
<phase name='optimize_blocks' stamp='0.019'>
<phase_done stamp='0.019'/>
</phase>
<phase name='gvn' stamp='0.019'>
<phase_done stamp='0.019'/>
</phase>
<phase name='rangeCheckElimination' stamp='0.019'>
<phase_done stamp='0.019'/>
</phase>
<phase name='optimize_null_checks' stamp='0.019'>
<phase_done stamp='0.019'/>
</phase>
<phase_done stamp='0.019'/>
</phase>
<phase name='emit_lir' stamp='0.019'>
<phase name='lirGeneration' stamp='0.019'>
<phase_done stamp='0.019'/>
</phase>
<phase name='linearScan' stamp='0.019'>
<phase_done stamp='0.019'/>
</phase>
<phase_done stamp='0.019'/>
</phase>
<phase name='codeemit' stamp='0.019'>
<phase_done stamp='0.019'/>
</phase>
<phase name='codeinstall' stamp='0.019'>
<dependency type='no_finalizable_subclasses' ctxk='1123'/>
<phase_done stamp='0.019'/>
</phase>
<code_cache total_blobs='278' nmethods='2' adapters='194' free_code_cache='250619904'/>
<task_done success='1' nmsize='296' count='437' stamp='0.019'/>
</task>
<task compile_id='3' method='java.lang.String coder ()B' bytes='15' count='378' iicount='378' level='3' stamp='0.019'>
<phase name='setup' stamp='0.019'>
<phase_done stamp='0.019'/>
</phase>
<phase name='buildIR' stamp='0.019'>
<type id='1114' name='byte'/>
<klass id='1124' name='java.lang.String' flags='17'/>
<method id='1253' holder='1124' name='coder' return='1114' flags='0' bytes='15' iicount='378'/>
<parse method='1253'  stamp='0.019'>
<phase name='parse_hir' stamp='0.019'>
<phase_done stamp='0.019'/>
</phase>
<parse_done stamp='0.019'/>
</parse>
<phase name='optimize_blocks' stamp='0.019'>
<phase_done stamp='0.019'/>
</phase>
<phase name='gvn' stamp='0.019'>
<phase_done stamp='0.019'/>
</phase>
<phase name='rangeCheckElimination' stamp='0.019'>
<phase_done stamp='0.019'/>
</phase>
<phase name='optimize_null_checks' stamp='0.019'>
<phase_done stamp='0.019'/>
</phase>
<phase_done stamp='0.019'/>
</phase>
<phase name='emit_lir' stamp='0.019'>
<phase name='lirGeneration' stamp='0.019'>
<phase_done stamp='0.019'/>
</phase>
<phase name='linearScan' stamp='0.019'>
<phase_done stamp='0.019'/>
</phase>
<phase_done stamp='0.019'/>
</phase>
<phase name='codeemit' stamp='0.019'>
<phase_done stamp='0.019'/>
</phase>
<phase name='codeinstall' stamp='0.019'>
<phase_done stamp='0.019'/>
</phase>
<code_cache total_blobs='279' nmethods='3' adapters='194' free_code_cache='250619008'/>
<task_done success='1' nmsize='360' count='379' stamp='0.019'/>
</task>
<task compile_id='4' method='java.lang.String length ()I' bytes='11' count='256' iicount='256' level='3' stamp='0.019'>
<phase name='setup' stamp='0.019'>
<phase_done stamp='0.019'/>
</phase>
<phase name='buildIR' stamp='0.019'>
<type id='1116' name='int'/>
<klass id='1124' name='java.lang.String' flags='17'/>
<method id='1253' holder='1124' name='length' return='1116' flags='1' bytes='11' iicount='256'/>
<parse method='1253'  stamp='0.019'>
<phase name='parse_hir' stamp='0.019'>
<bc code='182' bci='6'/>
<type id='1114' name='byte'/>
<method id='1255' holder='1124' name='coder' return='1114' flags='0' bytes='15' compile_id='3' compiler='c1' level='3' iicount='424'/>
<call method='1255' instr='invokevirtual'/>
<inline_success reason='inline'/>
<parse method='1255'>
<parse_done stamp='0.019'/>
</parse>
<phase_done stamp='0.019'/>
</phase>
<parse_done stamp='0.019'/>
</parse>
<phase name='optimize_blocks' stamp='0.019'>
<phase_done stamp='0.019'/>
</phase>
<phase name='gvn' stamp='0.019'>
<phase_done stamp='0.019'/>
</phase>
<phase name='rangeCheckElimination' stamp='0.019'>
<phase_done stamp='0.019'/>
</phase>
<phase name='optimize_null_checks' stamp='0.019'>
<phase_done stamp='0.019'/>
</phase>
<phase_done stamp='0.019'/>
</phase>
<phase name='emit_lir' stamp='0.019'>
<phase name='lirGeneration' stamp='0.019'>
<phase_done stamp='0.019'/>
</phase>
<phase name='linearScan' stamp='0.019'>
<phase_done stamp='0.019'/>
</phase>
<phase_done stamp='0.019'/>
</phase>
<phase name='codeemit' stamp='0.019'>
<phase_done stamp='0.019'/>
</phase>
<phase name='codeinstall' stamp='0.019'>
<phase_done stamp='0.019'/>
</phase>
<code_cache total_blobs='281' nmethods='4' adapters='195' free_code_cache='250617088'/>
<task_done success='1' nmsize='488' count='258' inlined_bytes='15' stamp='0.019'/>
</task>
</compilation_log>
<compilation_log thread='30467'>
<fragment>
<![CDATA[
<start_compile_thread name='C2 CompilerThread0' thread='30467' process='63039' stamp='0.017'/>
]]>
</fragment>
</compilation_log>
<hotspot_log_done stamp='0.021'/>
</hotspot_log>
