<?xml version='1.0' encoding='UTF-8'?>
<hotspot_log version='160 1' process='19355' time_ms='1682514650143'>
<vm_version>
<name>
OpenJDK 64-Bit Server VM
</name>
<release>
17.0.5+8-LTS
</release>
<info>
OpenJDK 64-Bit Server VM (17.0.5+8-LTS) for bsd-aarch64 JRE (17.0.5+8-LTS) (Zulu17.38+21-CA), built on Oct  7 2022 05:50:30 by &quot;zulu_re&quot; with clang Apple LLVM 12.0.0 (clang-1200.0.32.28)
</info>
</vm_version>
<vm_arguments>
<args>
-XX:+UnlockDiagnosticVMOptions -XX:+LogCompilation -XX:LogFile=iterCount_200000.log </args>
<command>
Application 200000
</command>
<launcher>
SUN_STANDARD
</launcher>
<properties>
java.vm.specification.name=Java Virtual Machine Specification
java.vm.version=17.0.5+8-LTS
java.vm.name=OpenJDK 64-Bit Server VM
jdk.debug=release
sun.boot.library.path=/Library/Java/JavaVirtualMachines/zulu-17.jdk/Contents/Home/lib
java.library.path=/Users/woody/Library/Java/Extensions:/Library/Java/Extensions:/Network/Library/Java/Extensions:/System/Library/Java/Extensions:/usr/lib/java:.
java.home=/Library/Java/JavaVirtualMachines/zulu-17.jdk/Contents/Home
java.class.path=.
jdk.boot.class.path.append=
java.vm.info=mixed mode, sharing
java.vm.specification.vendor=Oracle Corporation
java.vm.specification.version=17
java.vm.vendor=Azul Systems, Inc.
sun.java.command=Application 200000
sun.java.launcher=SUN_STANDARD
</properties>
</vm_arguments>
<tty>
<writer thread='4099'/>
<blob name='MethodHandlesAdapterBlob' size='32000'>
<sect index='1' size='32000' free='31480'/>
</blob>
<writer thread='23299'/>
<thread_logfile thread='23299' filename='/var/folders/b9/cqpvwpc94kbd3z7jpsfw323r0000gn/T//hs_c23299_pid19355.log'/>
<writer thread='29699'/>
<thread_logfile thread='29699' filename='/var/folders/b9/cqpvwpc94kbd3z7jpsfw323r0000gn/T//hs_c29699_pid19355.log'/>
<writer thread='4099'/>
<task_queued compile_id='1' method='java.lang.String hashCode ()I' bytes='60' count='256' iicount='256' level='3' stamp='0.011' comment='tiered' hot_count='256'/>
<task_queued compile_id='2' method='java.lang.Object &lt;init&gt; ()V' bytes='1' count='384' iicount='384' level='3' stamp='0.011' comment='tiered' hot_count='384'/>
<writer thread='23299'/>
<nmethod compile_id='1' compiler='c1' level='3' entry='0x00000001110d0200' size='1664' address='0x00000001110d0010' relocation_offset='344' insts_offset='496' stub_offset='1328' scopes_data_offset='1512' scopes_pcs_offset='1560' dependencies_offset='1656' metadata_offset='1464' method='java.lang.String hashCode ()I' bytes='60' count='313' iicount='313' stamp='0.011'/>
<writer thread='4099'/>
<task_queued compile_id='3' method='java.lang.String coder ()B' bytes='15' count='256' iicount='256' level='3' stamp='0.011' comment='tiered' hot_count='256'/>
<writer thread='23299'/>
<nmethod compile_id='2' compiler='c1' level='3' entry='0x00000001110d08c0' size='824' address='0x00000001110d0710' relocation_offset='344' insts_offset='432' stub_offset='688' scopes_data_offset='752' scopes_pcs_offset='768' dependencies_offset='816' metadata_offset='728' method='java.lang.Object &lt;init&gt; ()V' bytes='1' count='437' iicount='437' stamp='0.011'/>
<nmethod compile_id='3' compiler='c1' level='3' entry='0x00000001110d0c40' size='880' address='0x00000001110d0a90' relocation_offset='344' insts_offset='432' stub_offset='752' scopes_data_offset='808' scopes_pcs_offset='824' dependencies_offset='872' metadata_offset='792' method='java.lang.String coder ()B' bytes='15' count='379' iicount='379' stamp='0.011'/>
<writer thread='4099'/>
<task_queued compile_id='4' method='java.lang.String length ()I' bytes='11' count='256' iicount='256' level='3' stamp='0.012' comment='tiered' hot_count='256'/>
<writer thread='23299'/>
<nmethod compile_id='4' compiler='c1' level='3' entry='0x00000001110d0fc0' size='1096' address='0x00000001110d0e10' relocation_offset='344' insts_offset='432' stub_offset='880' scopes_data_offset='952' scopes_pcs_offset='992' dependencies_offset='1072' nul_chk_table_offset='1080' metadata_offset='920' method='java.lang.String length ()I' bytes='11' count='258' iicount='258' stamp='0.012'/>
<writer thread='4099'/>
<task_queued compile_id='5' method='Application findMax ([I)I' bytes='43' count='205' backedge_count='2048' iicount='205' level='3' stamp='0.012' comment='tiered' hot_count='205'/>
<writer thread='23299'/>
<nmethod compile_id='5' compiler='c1' level='3' entry='0x00000001110d1440' size='1192' address='0x00000001110d1290' relocation_offset='344' insts_offset='432' stub_offset='944' scopes_data_offset='1008' scopes_pcs_offset='1072' dependencies_offset='1168' nul_chk_table_offset='1176' oops_offset='984' metadata_offset='992' method='Application findMax ([I)I' bytes='43' count='1010' backedge_count='10105' iicount='1012' stamp='0.012'/>
<writer thread='4099'/>
<task_queued compile_id='6' method='Application findMax ([I)I' bytes='43' count='2022' backedge_count='20214' iicount='2022' stamp='0.012' comment='tiered' hot_count='2022'/>
<writer thread='29699'/>
<nmethod compile_id='6' compiler='c2' level='4' entry='0x00000001186041c0' size='1192' address='0x0000000118604010' relocation_offset='344' insts_offset='432' stub_offset='880' scopes_data_offset='976' scopes_pcs_offset='1072' dependencies_offset='1168' nul_chk_table_offset='1176' oops_offset='960' metadata_offset='968' method='Application findMax ([I)I' bytes='43' count='39599' backedge_count='396050' iicount='39611' stamp='0.013'/>
<make_not_entrant thread='29699' compile_id='5' compiler='c1' level='3' stamp='0.013'/>
<writer thread='4099'/>
<task_queued compile_id='7' compile_kind='osr' method='Application main ([Ljava/lang/String;)V' bytes='80' count='1' backedge_count='60416' iicount='1' osr_bci='63' level='3' stamp='0.014' comment='tiered' hot_count='60416'/>
<writer thread='23299'/>
<nmethod compile_id='7' compile_kind='osr' compiler='c1' level='3' entry='0x00000001110d1980' size='1968' address='0x00000001110d1790' relocation_offset='344' insts_offset='496' stub_offset='1456' scopes_data_offset='1656' scopes_pcs_offset='1768' dependencies_offset='1944' nul_chk_table_offset='1952' oops_offset='1592' metadata_offset='1600' method='Application main ([Ljava/lang/String;)V' bytes='80' count='1' backedge_count='71622' iicount='1' stamp='0.014'/>
<writer thread='4099'/>
<task_queued compile_id='8' method='Application main ([Ljava/lang/String;)V' bytes='80' count='1' backedge_count='72156' iicount='1' level='3' stamp='0.014' comment='tiered' hot_count='1'/>
<writer thread='23299'/>
<nmethod compile_id='8' compiler='c1' level='3' entry='0x00000001110d2180' size='1904' address='0x00000001110d1f90' relocation_offset='344' insts_offset='496' stub_offset='1392' scopes_data_offset='1592' scopes_pcs_offset='1704' dependencies_offset='1880' nul_chk_table_offset='1888' oops_offset='1528' metadata_offset='1536' method='Application main ([Ljava/lang/String;)V' bytes='80' count='1' backedge_count='96407' iicount='1' stamp='0.014'/>
<writer thread='4099'/>
<task_queued compile_id='9' compile_kind='osr' method='Application main ([Ljava/lang/String;)V' bytes='80' count='1' backedge_count='103900' iicount='1' osr_bci='63' stamp='0.014' comment='tiered' hot_count='103900'/>
<writer thread='20227'/>
<destroy_vm stamp='0.015'/>
<tty_done stamp='0.029'/>
</tty>
<compilation_log thread='29699'>
<start_compile_thread name='C2 CompilerThread0' thread='29699' process='19355' stamp='0.010'/>
<task compile_id='6' method='Application findMax ([I)I' bytes='43' count='2841' backedge_count='28410' iicount='2844' stamp='0.012'>
<type id='1116' name='int'/>
<klass id='1247' name='[I' flags='1041'/>
<klass id='1253' name='Application' flags='1'/>
<method id='1254' holder='1253' name='findMax' return='1116' arguments='1247' flags='9' bytes='43' compile_id='5' compiler='c1' level='3' iicount='3011'/>
<parse method='1254' uses='3011.000000' stamp='0.012'>
<bc code='190' bci='5'/>
<uncommon_trap bci='5' reason='null_check' action='maybe_recompile' debug_id='0'/>
<bc code='162' bci='13'/>
<branch target_bci='41' taken='2722' not_taken='27229' cnt='29951.000000' prob='                0.09'/>
<uncommon_trap bci='13' reason='predicate' action='maybe_recompile' debug_id='0'/>
<uncommon_trap bci='13' reason='profile_predicate' action='maybe_recompile' debug_id='0'/>
<uncommon_trap bci='13' reason='loop_limit_check' action='maybe_recompile' debug_id='0'/>
<bc code='46' bci='19'/>
<uncommon_trap bci='19' reason='range_check' action='make_not_entrant' debug_id='0' comment='range_check'/>
<bc code='164' bci='25'/>
<branch target_bci='33' taken='0' not_taken='27229' cnt='27229.000000' prob='never'/>
<uncommon_trap bci='25' reason='unstable_if' action='reinterpret' debug_id='0' comment='taken never'/>
<bc code='162' bci='13'/>
<branch target_bci='41' taken='2722' not_taken='27229' cnt='27229.000000' prob='                0.09'/>
<parse_done stamp='0.012'/>
</parse>
<loop_tree>
<loop idx='170' >
<loop idx='171' >
</loop>
</loop>
</loop_tree>
<loop_tree>
<loop idx='170' >
<loop idx='381' inner_loop='1' >
</loop>
</loop>
</loop_tree>
<loop_tree>
<loop idx='259' inner_loop='1' >
</loop>
<loop idx='170' >
<loop idx='451' inner_loop='1' >
</loop>
</loop>
<loop idx='223' inner_loop='1' >
</loop>
</loop_tree>
<loop_tree>
<loop idx='259' inner_loop='1' >
</loop>
<loop idx='170' >
<loop idx='451' inner_loop='1' >
</loop>
</loop>
<loop idx='223' inner_loop='1' >
</loop>
</loop_tree>
<loop_tree>
<loop idx='259' inner_loop='1' >
</loop>
<loop idx='170' >
<loop idx='451' inner_loop='1' >
</loop>
</loop>
<loop idx='223' inner_loop='1' >
</loop>
</loop_tree>
<loop_tree>
<loop idx='259' inner_loop='1' >
</loop>
<loop idx='170' >
<loop idx='451' inner_loop='1' >
</loop>
</loop>
<loop idx='223' inner_loop='1' >
</loop>
</loop_tree>
<regalloc attempts='1' success='1'/>
<code_cache total_blobs='284' nmethods='6' adapters='195' free_code_cache='250607744'/>
<task_done success='1' nmsize='528' count='39666' backedge_count='396660' stamp='0.013'/>
</task>
<fragment>
<![CDATA[
<task compile_id='9' compile_kind='osr' method='Application main ([Ljava/lang/String;)V' bytes='80' count='1' backedge_count='109990' iicount='1' osr_bci='63' stamp='0.014'>
<type id='1118' name='void'/>
<klass id='1254' name='[Ljava.lang.String;' flags='1041'/>
<klass id='1253' name='Application' flags='1'/>
<method id='1255' holder='1253' name='main' return='1118' arguments='1254' flags='9' bytes='80' compile_id='8' compiler='c1' level='3' iicount='1'/>
<parse method='1255' uses='1.000000' osr_bci='63' stamp='0.014'>
<uncommon_trap bci='63' reason='constraint' action='reinterpret' debug_id='0'/>
<uncommon_trap bci='63' reason='predicate' action='maybe_recompile' debug_id='0'/>
<uncommon_trap bci='63' reason='profile_predicate' action='maybe_recompile' debug_id='0'/>
<uncommon_trap bci='63' reason='loop_limit_check' action='maybe_recompile' debug_id='0'/>
<bc code='162' bci='65'/>
<branch target_bci='79' taken='0' not_taken='39653' cnt='39653.000000' prob='never'/>
<uncommon_trap bci='65' reason='unstable_if' action='reinterpret' debug_id='0' comment='taken never'/>
<bc code='184' bci='69'/>
<type id='1116' name='int'/>
<klass id='1247' name='[I' flags='1041'/>
<method id='1258' holder='1253' name='findMax' return='1116' arguments='1247' flags='9' bytes='43' compile_id='6' compiler='c2' level='4' iicount='39666'/>
<call method='1258' count='39653' prof_factor='1.000000' inline='1'/>
<inline_success reason='inline (hot)'/>
<parse method='1258' uses='39653.000000' stamp='0.015'>
<bc code='190' bci='5'/>
<uncommon_trap bci='5' reason='null_check' action='maybe_recompile' debug_id='0'/>
<bc code='162' bci='13'/>
<branch target_bci='41' taken='39283' not_taken='392830' cnt='432113.000000' prob='                0.09'/>
<uncommon_trap bci='13' reason='predicate' action='maybe_recompile' debug_id='0'/>
<uncommon_trap bci='13' reason='profile_predicate' action='maybe_recompile' debug_id='0'/>
<uncommon_trap bci='13' reason='loop_limit_check' action='maybe_recompile' debug_id='0'/>
<bc code='46' bci='19'/>
<uncommon_trap bci='19' reason='range_check' action='make_not_entrant' debug_id='0' comment='range_check'/>
<bc code='164' bci='25'/>
<branch target_bci='33' taken='0' not_taken='392830' cnt='392830.000000' prob='never'/>
<uncommon_trap bci='25' reason='unstable_if' action='reinterpret' debug_id='0' comment='taken never'/>
<bc code='162' bci='13'/>
<branch target_bci='41' taken='39283' not_taken='392830' cnt='392830.000000' prob='                0.09'/>
<parse_done stamp='0.015'/>
</parse>
<parse_done stamp='0.015'/>
</parse>
<loop_tree>
<loop idx='287' >
<loop idx='296' >
<loop idx='297' >
</loop>
</loop>
</loop>
</loop_tree>
]]>
</fragment>
</compilation_log>
<compilation_log thread='23299'>
<start_compile_thread name='C1 CompilerThread0' thread='23299' process='19355' stamp='0.010'/>
<task compile_id='1' method='java.lang.String hashCode ()I' bytes='60' count='269' iicount='269' level='3' stamp='0.011'>
<phase name='setup' stamp='0.011'>
<phase_done stamp='0.011'/>
</phase>
<phase name='buildIR' stamp='0.011'>
<type id='1116' name='int'/>
<klass id='1124' name='java.lang.String' flags='17'/>
<method id='1253' holder='1124' name='hashCode' return='1116' flags='1' bytes='60' iicount='277'/>
<parse method='1253'  stamp='0.011'>
<phase name='parse_hir' stamp='0.011'>
<bc code='182' bci='17'/>
<type id='1110' name='boolean'/>
<method id='1255' holder='1124' name='isLatin1' return='1110' flags='0' bytes='19' iicount='138'/>
<call method='1255' instr='invokevirtual'/>
<inline_success reason='inline'/>
<parse method='1255'>
<parse_done stamp='0.011'/>
</parse>
<bc code='184' bci='27'/>
<klass id='1245' name='[B' flags='1041'/>
<klass id='1258' name='java.lang.StringLatin1' flags='16'/>
<method id='1259' holder='1258' name='hashCode' return='1116' arguments='1245' flags='9' bytes='42' iicount='27'/>
<call method='1259' instr='invokestatic'/>
<inline_fail reason='callee is too large'/>
<bc code='184' bci='37'/>
<klass id='1261' name='java.lang.StringUTF16' unloaded='1'/>
<method id='1262' holder='1261' name='hashCode' return='1116' arguments='1245' unloaded='1'/>
<call method='1262' instr='invokestatic'/>
<inline_fail reason='not inlineable'/>
<phase_done stamp='0.011'/>
</phase>
<parse_done stamp='0.011'/>
</parse>
<phase name='optimize_blocks' stamp='0.011'>
<phase_done stamp='0.011'/>
</phase>
<phase name='gvn' stamp='0.011'>
<phase_done stamp='0.011'/>
</phase>
<phase name='rangeCheckElimination' stamp='0.011'>
<phase_done stamp='0.011'/>
</phase>
<phase name='optimize_null_checks' stamp='0.011'>
<phase_done stamp='0.011'/>
</phase>
<phase_done stamp='0.011'/>
</phase>
<phase name='emit_lir' stamp='0.011'>
<phase name='lirGeneration' stamp='0.011'>
<phase_done stamp='0.011'/>
</phase>
<phase name='linearScan' stamp='0.011'>
<phase_done stamp='0.011'/>
</phase>
<phase_done stamp='0.011'/>
</phase>
<phase name='codeemit' stamp='0.011'>
<phase_done stamp='0.011'/>
</phase>
<phase name='codeinstall' stamp='0.011'>
<phase_done stamp='0.011'/>
</phase>
<code_cache total_blobs='277' nmethods='1' adapters='194' free_code_cache='250620800'/>
<task_done success='1' nmsize='968' count='313' inlined_bytes='19' stamp='0.011'/>
</task>
<task compile_id='2' method='java.lang.Object &lt;init&gt; ()V' bytes='1' count='429' iicount='429' level='3' stamp='0.011'>
<phase name='setup' stamp='0.011'>
<phase_done stamp='0.011'/>
</phase>
<phase name='buildIR' stamp='0.011'>
<type id='1118' name='void'/>
<klass id='1123' name='java.lang.Object' flags='1'/>
<method id='1253' holder='1123' name='&lt;init&gt;' return='1118' flags='1' bytes='1' iicount='430'/>
<parse method='1253'  stamp='0.011'>
<phase name='parse_hir' stamp='0.011'>
<bc code='177' bci='0'/>
<dependency type='no_finalizable_subclasses' ctxk='1123'/>
<phase_done stamp='0.011'/>
</phase>
<parse_done stamp='0.011'/>
</parse>
<phase name='optimize_blocks' stamp='0.011'>
<phase_done stamp='0.011'/>
</phase>
<phase name='gvn' stamp='0.011'>
<phase_done stamp='0.011'/>
</phase>
<phase name='rangeCheckElimination' stamp='0.011'>
<phase_done stamp='0.011'/>
</phase>
<phase name='optimize_null_checks' stamp='0.011'>
<phase_done stamp='0.011'/>
</phase>
<phase_done stamp='0.011'/>
</phase>
<phase name='emit_lir' stamp='0.011'>
<phase name='lirGeneration' stamp='0.011'>
<phase_done stamp='0.011'/>
</phase>
<phase name='linearScan' stamp='0.011'>
<phase_done stamp='0.011'/>
</phase>
<phase_done stamp='0.011'/>
</phase>
<phase name='codeemit' stamp='0.011'>
<phase_done stamp='0.011'/>
</phase>
<phase name='codeinstall' stamp='0.011'>
<dependency type='no_finalizable_subclasses' ctxk='1123'/>
<phase_done stamp='0.011'/>
</phase>
<code_cache total_blobs='278' nmethods='2' adapters='194' free_code_cache='250619904'/>
<task_done success='1' nmsize='296' count='437' stamp='0.011'/>
</task>
<task compile_id='3' method='java.lang.String coder ()B' bytes='15' count='378' iicount='378' level='3' stamp='0.011'>
<phase name='setup' stamp='0.011'>
<phase_done stamp='0.011'/>
</phase>
<phase name='buildIR' stamp='0.011'>
<type id='1114' name='byte'/>
<klass id='1124' name='java.lang.String' flags='17'/>
<method id='1253' holder='1124' name='coder' return='1114' flags='0' bytes='15' iicount='378'/>
<parse method='1253'  stamp='0.011'>
<phase name='parse_hir' stamp='0.011'>
<phase_done stamp='0.011'/>
</phase>
<parse_done stamp='0.011'/>
</parse>
<phase name='optimize_blocks' stamp='0.011'>
<phase_done stamp='0.011'/>
</phase>
<phase name='gvn' stamp='0.011'>
<phase_done stamp='0.011'/>
</phase>
<phase name='rangeCheckElimination' stamp='0.011'>
<phase_done stamp='0.011'/>
</phase>
<phase name='optimize_null_checks' stamp='0.011'>
<phase_done stamp='0.011'/>
</phase>
<phase_done stamp='0.011'/>
</phase>
<phase name='emit_lir' stamp='0.011'>
<phase name='lirGeneration' stamp='0.011'>
<phase_done stamp='0.011'/>
</phase>
<phase name='linearScan' stamp='0.011'>
<phase_done stamp='0.011'/>
</phase>
<phase_done stamp='0.011'/>
</phase>
<phase name='codeemit' stamp='0.011'>
<phase_done stamp='0.011'/>
</phase>
<phase name='codeinstall' stamp='0.011'>
<phase_done stamp='0.011'/>
</phase>
<code_cache total_blobs='280' nmethods='3' adapters='195' free_code_cache='250618240'/>
<task_done success='1' nmsize='360' count='379' stamp='0.011'/>
</task>
<task compile_id='4' method='java.lang.String length ()I' bytes='11' count='256' iicount='256' level='3' stamp='0.012'>
<phase name='setup' stamp='0.012'>
<phase_done stamp='0.012'/>
</phase>
<phase name='buildIR' stamp='0.012'>
<type id='1116' name='int'/>
<klass id='1124' name='java.lang.String' flags='17'/>
<method id='1253' holder='1124' name='length' return='1116' flags='1' bytes='11' iicount='256'/>
<parse method='1253'  stamp='0.012'>
<phase name='parse_hir' stamp='0.012'>
<bc code='182' bci='6'/>
<type id='1114' name='byte'/>
<method id='1255' holder='1124' name='coder' return='1114' flags='0' bytes='15' compile_id='3' compiler='c1' level='3' iicount='424'/>
<call method='1255' instr='invokevirtual'/>
<inline_success reason='inline'/>
<parse method='1255'>
<parse_done stamp='0.012'/>
</parse>
<phase_done stamp='0.012'/>
</phase>
<parse_done stamp='0.012'/>
</parse>
<phase name='optimize_blocks' stamp='0.012'>
<phase_done stamp='0.012'/>
</phase>
<phase name='gvn' stamp='0.012'>
<phase_done stamp='0.012'/>
</phase>
<phase name='rangeCheckElimination' stamp='0.012'>
<phase_done stamp='0.012'/>
</phase>
<phase name='optimize_null_checks' stamp='0.012'>
<phase_done stamp='0.012'/>
</phase>
<phase_done stamp='0.012'/>
</phase>
<phase name='emit_lir' stamp='0.012'>
<phase name='lirGeneration' stamp='0.012'>
<phase_done stamp='0.012'/>
</phase>
<phase name='linearScan' stamp='0.012'>
<phase_done stamp='0.012'/>
</phase>
<phase_done stamp='0.012'/>
</phase>
<phase name='codeemit' stamp='0.012'>
<phase_done stamp='0.012'/>
</phase>
<phase name='codeinstall' stamp='0.012'>
<phase_done stamp='0.012'/>
</phase>
<code_cache total_blobs='281' nmethods='4' adapters='195' free_code_cache='250617088'/>
<task_done success='1' nmsize='488' count='258' inlined_bytes='15' stamp='0.012'/>
</task>
<task compile_id='5' method='Application findMax ([I)I' bytes='43' count='390' backedge_count='3909' iicount='393' level='3' stamp='0.012'>
<phase name='setup' stamp='0.012'>
<phase_done stamp='0.012'/>
</phase>
<phase name='buildIR' stamp='0.012'>
<type id='1116' name='int'/>
<klass id='1247' name='[I' flags='1041'/>
<klass id='1253' name='Application' flags='1'/>
<method id='1254' holder='1253' name='findMax' return='1116' arguments='1247' flags='9' bytes='43' iicount='455'/>
<parse method='1254'  stamp='0.012'>
<phase name='parse_hir' stamp='0.012'>
<phase_done stamp='0.012'/>
</phase>
<parse_done stamp='0.012'/>
</parse>
<phase name='optimize_blocks' stamp='0.012'>
<phase_done stamp='0.012'/>
</phase>
<phase name='gvn' stamp='0.012'>
<phase_done stamp='0.012'/>
</phase>
<phase name='rangeCheckElimination' stamp='0.012'>
<phase_done stamp='0.012'/>
</phase>
<phase name='optimize_null_checks' stamp='0.012'>
<phase_done stamp='0.012'/>
</phase>
<phase_done stamp='0.012'/>
</phase>
<phase name='emit_lir' stamp='0.012'>
<phase name='lirGeneration' stamp='0.012'>
<phase_done stamp='0.012'/>
</phase>
<phase name='linearScan' stamp='0.012'>
<phase_done stamp='0.012'/>
</phase>
<phase_done stamp='0.012'/>
</phase>
<phase name='codeemit' stamp='0.012'>
<phase_done stamp='0.012'/>
</phase>
<phase name='codeinstall' stamp='0.012'>
<phase_done stamp='0.012'/>
</phase>
<code_cache total_blobs='282' nmethods='5' adapters='195' free_code_cache='250615808'/>
<task_done success='1' nmsize='552' count='1026' backedge_count='10384' stamp='0.012'/>
</task>
<task compile_id='7' compile_kind='osr' method='Application main ([Ljava/lang/String;)V' bytes='80' count='1' backedge_count='62166' iicount='1' osr_bci='63' level='3' stamp='0.014'>
<phase name='setup' stamp='0.014'>
<phase_done stamp='0.014'/>
</phase>
<phase name='buildIR' stamp='0.014'>
<type id='1118' name='void'/>
<klass id='1254' name='[Ljava.lang.String;' flags='1041'/>
<klass id='1253' name='Application' flags='1'/>
<method id='1255' holder='1253' name='main' return='1118' arguments='1254' flags='9' bytes='80' iicount='1'/>
<parse method='1255'  stamp='0.014'>
<phase name='parse_hir' stamp='0.014'>
<bc code='184' bci='3'/>
<type id='1116' name='int'/>
<klass id='1124' name='java.lang.String' flags='17'/>
<klass id='1230' name='java.lang.Integer' flags='17'/>
<method id='1257' holder='1230' name='parseInt' return='1116' arguments='1124' flags='9' bytes='7' iicount='7'/>
<call method='1257' instr='invokestatic'/>
<inline_success reason='inline'/>
<parse method='1257'>
<bc code='184' bci='3'/>
<method id='1259' holder='1230' name='parseInt' return='1116' arguments='1124 1116' flags='9' bytes='264' iicount='9'/>
<call method='1259' instr='invokestatic'/>
<inline_fail reason='callee is too large'/>
<parse_done stamp='0.014'/>
</parse>
<bc code='184' bci='69'/>
<klass id='1247' name='[I' flags='1041'/>
<method id='1261' holder='1253' name='findMax' return='1116' arguments='1247' flags='9' bytes='43' compile_id='6' compiler='c2' level='4' iicount='39666'/>
<call method='1261' instr='invokestatic'/>
<inline_fail reason='callee is too large'/>
<phase_done stamp='0.014'/>
</phase>
<parse_done stamp='0.014'/>
</parse>
<phase name='optimize_blocks' stamp='0.014'>
<phase_done stamp='0.014'/>
</phase>
<phase name='gvn' stamp='0.014'>
<phase_done stamp='0.014'/>
</phase>
<phase name='optimize_null_checks' stamp='0.014'>
<phase_done stamp='0.014'/>
</phase>
<phase_done stamp='0.014'/>
</phase>
<phase name='emit_lir' stamp='0.014'>
<phase name='lirGeneration' stamp='0.014'>
<phase_done stamp='0.014'/>
</phase>
<phase name='linearScan' stamp='0.014'>
<phase_done stamp='0.014'/>
</phase>
<phase_done stamp='0.014'/>
</phase>
<phase name='codeemit' stamp='0.014'>
<phase_done stamp='0.014'/>
</phase>
<phase name='codeinstall' stamp='0.014'>
<phase_done stamp='0.014'/>
</phase>
<code_cache total_blobs='284' nmethods='7' adapters='195' free_code_cache='250612480'/>
<task_done success='1' nmsize='1096' count='1' backedge_count='72085' inlined_bytes='7' stamp='0.014'/>
</task>
<task compile_id='8' method='Application main ([Ljava/lang/String;)V' bytes='80' count='1' backedge_count='73182' iicount='1' level='3' stamp='0.014'>
<phase name='setup' stamp='0.014'>
<phase_done stamp='0.014'/>
</phase>
<phase name='buildIR' stamp='0.014'>
<type id='1118' name='void'/>
<klass id='1254' name='[Ljava.lang.String;' flags='1041'/>
<klass id='1253' name='Application' flags='1'/>
<method id='1255' holder='1253' name='main' return='1118' arguments='1254' flags='9' bytes='80' iicount='1'/>
<parse method='1255'  stamp='0.014'>
<phase name='parse_hir' stamp='0.014'>
<bc code='184' bci='3'/>
<type id='1116' name='int'/>
<klass id='1124' name='java.lang.String' flags='17'/>
<klass id='1230' name='java.lang.Integer' flags='17'/>
<method id='1257' holder='1230' name='parseInt' return='1116' arguments='1124' flags='9' bytes='7' iicount='7'/>
<call method='1257' instr='invokestatic'/>
<inline_success reason='inline'/>
<parse method='1257'>
<bc code='184' bci='3'/>
<method id='1259' holder='1230' name='parseInt' return='1116' arguments='1124 1116' flags='9' bytes='264' iicount='9'/>
<call method='1259' instr='invokestatic'/>
<inline_fail reason='callee is too large'/>
<parse_done stamp='0.014'/>
</parse>
<bc code='184' bci='69'/>
<klass id='1247' name='[I' flags='1041'/>
<method id='1261' holder='1253' name='findMax' return='1116' arguments='1247' flags='9' bytes='43' compile_id='6' compiler='c2' level='4' iicount='39666'/>
<call method='1261' instr='invokestatic'/>
<inline_fail reason='callee is too large'/>
<phase_done stamp='0.014'/>
</phase>
<parse_done stamp='0.014'/>
</parse>
<phase name='optimize_blocks' stamp='0.014'>
<phase_done stamp='0.014'/>
</phase>
<phase name='gvn' stamp='0.014'>
<phase_done stamp='0.014'/>
</phase>
<phase name='rangeCheckElimination' stamp='0.014'>
<phase_done stamp='0.014'/>
</phase>
<phase name='optimize_null_checks' stamp='0.014'>
<phase_done stamp='0.014'/>
</phase>
<phase_done stamp='0.014'/>
</phase>
<phase name='emit_lir' stamp='0.014'>
<phase name='lirGeneration' stamp='0.014'>
<phase_done stamp='0.014'/>
</phase>
<phase name='linearScan' stamp='0.014'>
<phase_done stamp='0.014'/>
</phase>
<phase_done stamp='0.014'/>
</phase>
<phase name='codeemit' stamp='0.014'>
<phase_done stamp='0.014'/>
</phase>
<phase name='codeinstall' stamp='0.014'>
<phase_done stamp='0.014'/>
</phase>
<code_cache total_blobs='285' nmethods='8' adapters='195' free_code_cache='250610560'/>
<task_done success='1' nmsize='1032' count='1' backedge_count='97386' inlined_bytes='7' stamp='0.014'/>
</task>
</compilation_log>
<hotspot_log_done stamp='0.029'/>
</hotspot_log>
